<?xml version="1.0" encoding="UTF-8"?>
<testng-results ignored="0" total="2" passed="2" failed="0" skipped="0">
  <reporter-output>
  </reporter-output>
  <suite started-at="2022-01-23T02:11:09 IST" name="Loan Department" finished-at="2022-01-23T02:11:09 IST" duration-ms="67">
    <groups>
    </groups>
    <test started-at="2022-01-23T02:11:09 IST" name="Test" finished-at="2022-01-23T02:11:09 IST" duration-ms="67">
      <class name="TestNgBasic.FirstTestng">
        <test-method is-config="true" signature="setchrome()[pri:0, instance:TestNgBasic.FirstTestng@6f53b8a]" started-at="2022-01-23T02:11:09 IST" name="setchrome" finished-at="2022-01-23T02:11:09 IST" duration-ms="13" status="PASS">
          <reporter-output>
          </reporter-output>
        </test-method> <!-- setchrome -->
        <test-method signature="login()[pri:0, instance:TestNgBasic.FirstTestng@6f53b8a]" started-at="2022-01-23T02:11:09 IST" name="login" finished-at="2022-01-23T02:11:09 IST" duration-ms="11" status="PASS">
          <reporter-output>
          </reporter-output>
        </test-method> <!-- login -->
      </class> <!-- TestNgBasic.FirstTestng -->
      <class name="TestNgBasic.SecondTestng">
        <test-method signature="login()[pri:0, instance:TestNgBasic.SecondTestng@4201c465]" started-at="2022-01-23T02:11:09 IST" name="login" finished-at="2022-01-23T02:11:09 IST" duration-ms="4" status="PASS">
          <reporter-output>
          </reporter-output>
        </test-method> <!-- login -->
      </class> <!-- TestNgBasic.SecondTestng -->
    </test> <!-- Test -->
  </suite> <!-- Loan Department -->
</testng-results>
